2023-05-05 11:22:32.926 +02:00  INF  Now listening on: https://localhost:7140
2023-05-05 11:22:32.960 +02:00  INF  Now listening on: http://localhost:5255
2023-05-05 11:22:32.964 +02:00  INF  Application started. Press Ctrl+C to shut down.
2023-05-05 11:22:32.965 +02:00  INF  Hosting environment: Development
2023-05-05 11:22:32.965 +02:00  INF  Content root path: C:\Users\maalrilo\source\CLONES\GNB_API\
2023-05-05 11:22:34.372 +02:00  INF  Request starting HTTP/2 GET https://localhost:7140/swagger/index.html - -
2023-05-05 11:22:34.775 +02:00  INF  Request finished HTTP/2 GET https://localhost:7140/swagger/index.html - - - 200 - text/html;charset=utf-8 408.7750ms
2023-05-05 11:22:34.795 +02:00  INF  Request starting HTTP/2 GET https://localhost:7140/_framework/aspnetcore-browser-refresh.js - -
2023-05-05 11:22:34.799 +02:00  INF  Request finished HTTP/2 GET https://localhost:7140/_framework/aspnetcore-browser-refresh.js - - - 200 11984 application/javascript;+charset=utf-8 3.5951ms
2023-05-05 11:22:35.149 +02:00  INF  Request starting HTTP/2 GET https://localhost:7140/_vs/browserLink - -
2023-05-05 11:22:35.196 +02:00  INF  Request finished HTTP/2 GET https://localhost:7140/_vs/browserLink - - - 200 - text/javascript;+charset=UTF-8 46.4912ms
2023-05-05 11:22:35.301 +02:00  INF  Request starting HTTP/2 GET https://localhost:7140/swagger/v1/swagger.json - -
2023-05-05 11:22:35.416 +02:00  INF  Request finished HTTP/2 GET https://localhost:7140/swagger/v1/swagger.json - - - 200 - application/json;charset=utf-8 115.3196ms
2023-05-05 11:22:45.064 +02:00  INF  Request starting HTTP/2 GET https://localhost:7140/api/GetAllRates - -
2023-05-05 11:22:45.073 +02:00  INF  Executing endpoint 'GNB_API.Controllers.GNBController.GetAllConversionRates (GNB_API)'
2023-05-05 11:22:45.095 +02:00  INF  Route matched with {action = "GetAllConversionRates", controller = "GNB"}. Executing controller action with signature System.Threading.Tasks.Task`1[Microsoft.AspNetCore.Mvc.IActionResult] GetAllConversionRates() on controller GNB_API.Controllers.GNBController (GNB_API).
2023-05-05 11:22:45.690 +02:00  WRN  No store type was specified for the decimal property 'RateValue' on entity type 'Rate'. This will cause values to be silently truncated if they do not fit in the default precision and scale. Explicitly specify the SQL server column type that can accommodate all the values in 'OnModelCreating' using 'HasColumnType', specify precision and scale using 'HasPrecision', or configure a value converter using 'HasConversion'.
2023-05-05 11:22:45.691 +02:00  WRN  No store type was specified for the decimal property 'Amount' on entity type 'Transaction'. This will cause values to be silently truncated if they do not fit in the default precision and scale. Explicitly specify the SQL server column type that can accommodate all the values in 'OnModelCreating' using 'HasColumnType', specify precision and scale using 'HasPrecision', or configure a value converter using 'HasConversion'.
2023-05-05 11:22:45.840 +02:00  INF  Start processing HTTP request GET "http://quiet-stone-2094.herokuapp.com/rates.json"
2023-05-05 11:22:45.844 +02:00  INF  Sending HTTP request GET "http://quiet-stone-2094.herokuapp.com/rates.json"
2023-05-05 11:22:46.206 +02:00  INF  Received HTTP response headers after 358.6502ms - 404
2023-05-05 11:22:46.207 +02:00  INF  End processing HTTP request after 369.7185ms - 404
2023-05-05 11:22:48.816 +02:00  INF  NotFoundSystem.Exception: NotFound
   at GNB_Service.Services.GnbAPIService.GetContent[TResult](String path) in C:\Users\maalrilo\source\CLONES\GNB_Service\Services\GnbAPIService.cs:line 36
   at GNB_Service.Services.GnbAPIService.GetAPIRates() in C:\Users\maalrilo\source\CLONES\GNB_Service\Services\GnbAPIService.cs:line 22
   at GNB_Service.Services.ConversionRateService.GetConversionRates() in C:\Users\maalrilo\source\CLONES\GNB_Service\Services\ConversionRateService.cs:line 32

2023-05-05 11:22:50.164 +02:00  INF  Executed DbCommand (34ms) [Parameters=[], CommandType='"Text"', CommandTimeout='30']
SELECT [r].[Id], [r].[From], [r].[RateValue], [r].[To]
FROM [Rates] AS [r]
2023-05-05 11:22:50.264 +02:00  INF  Executing OkObjectResult, writing value of type 'GNB_Data.Response.RateResponseDTO'.
2023-05-05 11:22:50.287 +02:00  INF  Executed action GNB_API.Controllers.GNBController.GetAllConversionRates (GNB_API) in 5187.2418ms
2023-05-05 11:22:50.288 +02:00  INF  Executed endpoint 'GNB_API.Controllers.GNBController.GetAllConversionRates (GNB_API)'
2023-05-05 11:22:50.302 +02:00  INF  Request finished HTTP/2 GET https://localhost:7140/api/GetAllRates - - - 200 - application/json;+charset=utf-8 5238.0619ms
2023-05-05 11:22:58.089 +02:00  INF  Request starting HTTP/2 GET https://localhost:7140/api/GetAllRates - -
2023-05-05 11:22:58.091 +02:00  INF  Executing endpoint 'GNB_API.Controllers.GNBController.GetAllConversionRates (GNB_API)'
2023-05-05 11:22:58.091 +02:00  INF  Route matched with {action = "GetAllConversionRates", controller = "GNB"}. Executing controller action with signature System.Threading.Tasks.Task`1[Microsoft.AspNetCore.Mvc.IActionResult] GetAllConversionRates() on controller GNB_API.Controllers.GNBController (GNB_API).
2023-05-05 11:22:58.123 +02:00  INF  Start processing HTTP request GET "http://quiet-stone-2094.herokuapp.com/rates.json"
2023-05-05 11:22:58.123 +02:00  INF  Sending HTTP request GET "http://quiet-stone-2094.herokuapp.com/rates.json"
2023-05-05 11:22:58.371 +02:00  INF  Received HTTP response headers after 247.4476ms - 404
2023-05-05 11:22:58.371 +02:00  INF  End processing HTTP request after 247.921ms - 404
2023-05-05 11:22:59.742 +02:00  INF  NotFoundSystem.Exception: NotFound
   at GNB_Service.Services.GnbAPIService.GetContent[TResult](String path) in C:\Users\maalrilo\source\CLONES\GNB_Service\Services\GnbAPIService.cs:line 36
   at GNB_Service.Services.GnbAPIService.GetAPIRates() in C:\Users\maalrilo\source\CLONES\GNB_Service\Services\GnbAPIService.cs:line 22
   at GNB_Service.Services.ConversionRateService.GetConversionRates() in C:\Users\maalrilo\source\CLONES\GNB_Service\Services\ConversionRateService.cs:line 32

2023-05-05 11:22:59.748 +02:00  INF  Executed DbCommand (2ms) [Parameters=[], CommandType='"Text"', CommandTimeout='30']
SELECT [r].[Id], [r].[From], [r].[RateValue], [r].[To]
FROM [Rates] AS [r]
2023-05-05 11:22:59.748 +02:00  INF  Executing OkObjectResult, writing value of type 'GNB_Data.Response.RateResponseDTO'.
2023-05-05 11:22:59.749 +02:00  INF  Executed action GNB_API.Controllers.GNBController.GetAllConversionRates (GNB_API) in 1657.4483ms
2023-05-05 11:22:59.749 +02:00  INF  Executed endpoint 'GNB_API.Controllers.GNBController.GetAllConversionRates (GNB_API)'
2023-05-05 11:22:59.749 +02:00  INF  Request finished HTTP/2 GET https://localhost:7140/api/GetAllRates - - - 200 - application/json;+charset=utf-8 1660.2776ms
2023-05-05 11:23:15.037 +02:00  INF  Request starting HTTP/2 GET https://localhost:7140/api/GetAllRates - -
2023-05-05 11:23:15.037 +02:00  INF  Executing endpoint 'GNB_API.Controllers.GNBController.GetAllConversionRates (GNB_API)'
2023-05-05 11:23:15.038 +02:00  INF  Route matched with {action = "GetAllConversionRates", controller = "GNB"}. Executing controller action with signature System.Threading.Tasks.Task`1[Microsoft.AspNetCore.Mvc.IActionResult] GetAllConversionRates() on controller GNB_API.Controllers.GNBController (GNB_API).
2023-05-05 11:23:15.048 +02:00  INF  Start processing HTTP request GET "http://quiet-stone-2094.herokuapp.com/rates.json"
2023-05-05 11:23:15.048 +02:00  INF  Sending HTTP request GET "http://quiet-stone-2094.herokuapp.com/rates.json"
2023-05-05 11:23:15.370 +02:00  INF  Received HTTP response headers after 321.8431ms - 404
2023-05-05 11:23:15.370 +02:00  INF  End processing HTTP request after 322.2671ms - 404
2023-05-05 11:23:16.581 +02:00  INF  NotFoundSystem.Exception: NotFound
   at GNB_Service.Services.GnbAPIService.GetContent[TResult](String path) in C:\Users\maalrilo\source\CLONES\GNB_Service\Services\GnbAPIService.cs:line 36
   at GNB_Service.Services.GnbAPIService.GetAPIRates() in C:\Users\maalrilo\source\CLONES\GNB_Service\Services\GnbAPIService.cs:line 22
   at GNB_Service.Services.ConversionRateService.GetConversionRates() in C:\Users\maalrilo\source\CLONES\GNB_Service\Services\ConversionRateService.cs:line 32

2023-05-05 11:23:16.583 +02:00  INF  Executed DbCommand (0ms) [Parameters=[], CommandType='"Text"', CommandTimeout='30']
SELECT [r].[Id], [r].[From], [r].[RateValue], [r].[To]
FROM [Rates] AS [r]
2023-05-05 11:23:16.583 +02:00  INF  Executing OkObjectResult, writing value of type 'GNB_Data.Response.RateResponseDTO'.
2023-05-05 11:23:16.583 +02:00  INF  Executed action GNB_API.Controllers.GNBController.GetAllConversionRates (GNB_API) in 1545.4743ms
2023-05-05 11:23:16.583 +02:00  INF  Executed endpoint 'GNB_API.Controllers.GNBController.GetAllConversionRates (GNB_API)'
2023-05-05 11:23:16.583 +02:00  INF  Request finished HTTP/2 GET https://localhost:7140/api/GetAllRates - - - 200 - application/json;+charset=utf-8 1546.6206ms
2023-05-05 11:23:39.564 +02:00  INF  Request starting HTTP/2 GET https://localhost:7140/api/GetAllRates - -
2023-05-05 11:23:39.565 +02:00  INF  Executing endpoint 'GNB_API.Controllers.GNBController.GetAllConversionRates (GNB_API)'
2023-05-05 11:23:39.565 +02:00  INF  Route matched with {action = "GetAllConversionRates", controller = "GNB"}. Executing controller action with signature System.Threading.Tasks.Task`1[Microsoft.AspNetCore.Mvc.IActionResult] GetAllConversionRates() on controller GNB_API.Controllers.GNBController (GNB_API).
2023-05-05 11:23:39.566 +02:00  INF  Start processing HTTP request GET "http://quiet-stone-2094.herokuapp.com/rates.json"
2023-05-05 11:23:39.566 +02:00  INF  Sending HTTP request GET "http://quiet-stone-2094.herokuapp.com/rates.json"
2023-05-05 11:23:39.827 +02:00  INF  Received HTTP response headers after 261.1518ms - 404
2023-05-05 11:23:39.827 +02:00  INF  End processing HTTP request after 261.6218ms - 404
2023-05-05 11:23:41.551 +02:00  INF  NotFoundSystem.Exception: NotFound
   at GNB_Service.Services.GnbAPIService.GetContent[TResult](String path) in C:\Users\maalrilo\source\CLONES\GNB_Service\Services\GnbAPIService.cs:line 36
   at GNB_Service.Services.GnbAPIService.GetAPIRates() in C:\Users\maalrilo\source\CLONES\GNB_Service\Services\GnbAPIService.cs:line 22
   at GNB_Service.Services.ConversionRateService.GetConversionRates() in C:\Users\maalrilo\source\CLONES\GNB_Service\Services\ConversionRateService.cs:line 32

2023-05-05 11:23:41.552 +02:00  INF  Executed DbCommand (0ms) [Parameters=[], CommandType='"Text"', CommandTimeout='30']
SELECT [r].[Id], [r].[From], [r].[RateValue], [r].[To]
FROM [Rates] AS [r]
2023-05-05 11:23:41.553 +02:00  INF  Executing OkObjectResult, writing value of type 'GNB_Data.Response.RateResponseDTO'.
2023-05-05 11:23:41.553 +02:00  INF  Executed action GNB_API.Controllers.GNBController.GetAllConversionRates (GNB_API) in 1987.7676ms
2023-05-05 11:23:41.553 +02:00  INF  Executed endpoint 'GNB_API.Controllers.GNBController.GetAllConversionRates (GNB_API)'
2023-05-05 11:23:41.553 +02:00  INF  Request finished HTTP/2 GET https://localhost:7140/api/GetAllRates - - - 200 - application/json;+charset=utf-8 1989.0695ms
2023-05-05 11:23:52.812 +02:00  INF  Request starting HTTP/2 GET https://localhost:7140/swagger/index.html - -
2023-05-05 11:23:52.830 +02:00  INF  Request finished HTTP/2 GET https://localhost:7140/swagger/index.html - - - 200 - text/html;charset=utf-8 17.9852ms
2023-05-05 11:23:52.848 +02:00  INF  Request starting HTTP/2 GET https://localhost:7140/_framework/aspnetcore-browser-refresh.js - -
2023-05-05 11:23:52.849 +02:00  INF  Request starting HTTP/2 GET https://localhost:7140/_vs/browserLink - -
2023-05-05 11:23:52.849 +02:00  INF  Request finished HTTP/2 GET https://localhost:7140/_framework/aspnetcore-browser-refresh.js - - - 200 11984 application/javascript;+charset=utf-8 0.6776ms
2023-05-05 11:23:52.883 +02:00  INF  Request finished HTTP/2 GET https://localhost:7140/_vs/browserLink - - - 200 - text/javascript;+charset=UTF-8 34.5676ms
2023-05-05 11:23:52.955 +02:00  INF  Request starting HTTP/2 GET https://localhost:7140/swagger/v1/swagger.json - -
2023-05-05 11:23:52.957 +02:00  INF  Request finished HTTP/2 GET https://localhost:7140/swagger/v1/swagger.json - - - 200 - application/json;charset=utf-8 2.0525ms
2023-05-05 11:23:58.479 +02:00  INF  Request starting HTTP/2 GET https://localhost:7140/api/GetAllRates - -
2023-05-05 11:23:58.480 +02:00  INF  Executing endpoint 'GNB_API.Controllers.GNBController.GetAllConversionRates (GNB_API)'
2023-05-05 11:23:58.482 +02:00  INF  Route matched with {action = "GetAllConversionRates", controller = "GNB"}. Executing controller action with signature System.Threading.Tasks.Task`1[Microsoft.AspNetCore.Mvc.IActionResult] GetAllConversionRates() on controller GNB_API.Controllers.GNBController (GNB_API).
2023-05-05 11:23:58.485 +02:00  INF  Serilog initial
2023-05-05 11:23:58.485 +02:00  INF  Start processing HTTP request GET "http://quiet-stone-2094.herokuapp.com/rates.json"
2023-05-05 11:23:58.485 +02:00  INF  Sending HTTP request GET "http://quiet-stone-2094.herokuapp.com/rates.json"
2023-05-05 11:23:58.716 +02:00  INF  Received HTTP response headers after 231.6485ms - 404
2023-05-05 11:23:58.717 +02:00  INF  End processing HTTP request after 231.9376ms - 404
2023-05-05 11:24:00.187 +02:00  INF  NotFoundSystem.Exception: NotFound
   at GNB_Service.Services.GnbAPIService.GetContent[TResult](String path) in C:\Users\maalrilo\source\CLONES\GNB_Service\Services\GnbAPIService.cs:line 36
   at GNB_Service.Services.GnbAPIService.GetAPIRates() in C:\Users\maalrilo\source\CLONES\GNB_Service\Services\GnbAPIService.cs:line 22
   at GNB_Service.Services.ConversionRateService.GetConversionRates() in C:\Users\maalrilo\source\CLONES\GNB_Service\Services\ConversionRateService.cs:line 32

2023-05-05 11:24:00.188 +02:00  INF  Executed DbCommand (0ms) [Parameters=[], CommandType='"Text"', CommandTimeout='30']
SELECT [r].[Id], [r].[From], [r].[RateValue], [r].[To]
FROM [Rates] AS [r]
2023-05-05 11:24:00.188 +02:00  INF  Executing OkObjectResult, writing value of type 'GNB_Data.Response.RateResponseDTO'.
2023-05-05 11:24:00.190 +02:00  INF  Executed action GNB_API.Controllers.GNBController.GetAllConversionRates (GNB_API) in 1706.9874ms
2023-05-05 11:24:00.190 +02:00  INF  Executed endpoint 'GNB_API.Controllers.GNBController.GetAllConversionRates (GNB_API)'
2023-05-05 11:24:00.190 +02:00  INF  Request finished HTTP/2 GET https://localhost:7140/api/GetAllRates - - - 200 - application/json;+charset=utf-8 1710.5575ms
2023-05-05 11:24:30.795 +02:00  INF  Now listening on: https://localhost:7140
2023-05-05 11:24:30.826 +02:00  INF  Now listening on: http://localhost:5255
2023-05-05 11:24:30.831 +02:00  INF  Application started. Press Ctrl+C to shut down.
2023-05-05 11:24:30.832 +02:00  INF  Hosting environment: Development
2023-05-05 11:24:30.832 +02:00  INF  Content root path: C:\Users\maalrilo\source\CLONES\GNB_API\
2023-05-05 11:24:32.029 +02:00  INF  Request starting HTTP/2 GET https://localhost:7140/swagger/index.html - -
2023-05-05 11:24:32.401 +02:00  INF  Request finished HTTP/2 GET https://localhost:7140/swagger/index.html - - - 200 - text/html;charset=utf-8 376.6273ms
2023-05-05 11:24:32.421 +02:00  INF  Request starting HTTP/2 GET https://localhost:7140/_framework/aspnetcore-browser-refresh.js - -
2023-05-05 11:24:32.425 +02:00  INF  Request finished HTTP/2 GET https://localhost:7140/_framework/aspnetcore-browser-refresh.js - - - 200 11984 application/javascript;+charset=utf-8 4.4580ms
2023-05-05 11:24:32.777 +02:00  INF  Request starting HTTP/2 GET https://localhost:7140/_vs/browserLink - -
2023-05-05 11:24:32.819 +02:00  INF  Request finished HTTP/2 GET https://localhost:7140/_vs/browserLink - - - 200 - text/javascript;+charset=UTF-8 42.0008ms
2023-05-05 11:24:32.879 +02:00  INF  Request starting HTTP/2 GET https://localhost:7140/swagger/v1/swagger.json - -
2023-05-05 11:24:32.974 +02:00  INF  Request finished HTTP/2 GET https://localhost:7140/swagger/v1/swagger.json - - - 200 - application/json;charset=utf-8 94.3643ms
2023-05-05 11:24:35.408 +02:00  INF  Request starting HTTP/2 GET https://localhost:7140/api/GetAllRates - -
2023-05-05 11:24:35.424 +02:00  INF  Executing endpoint 'GNB_API.Controllers.GNBController.GetAllConversionRates (GNB_API)'
2023-05-05 11:24:35.447 +02:00  INF  Route matched with {action = "GetAllConversionRates", controller = "GNB"}. Executing controller action with signature System.Threading.Tasks.Task`1[Microsoft.AspNetCore.Mvc.IActionResult] GetAllConversionRates() on controller GNB_API.Controllers.GNBController (GNB_API).
2023-05-05 11:24:36.054 +02:00  WRN  No store type was specified for the decimal property 'RateValue' on entity type 'Rate'. This will cause values to be silently truncated if they do not fit in the default precision and scale. Explicitly specify the SQL server column type that can accommodate all the values in 'OnModelCreating' using 'HasColumnType', specify precision and scale using 'HasPrecision', or configure a value converter using 'HasConversion'.
2023-05-05 11:24:36.054 +02:00  WRN  No store type was specified for the decimal property 'Amount' on entity type 'Transaction'. This will cause values to be silently truncated if they do not fit in the default precision and scale. Explicitly specify the SQL server column type that can accommodate all the values in 'OnModelCreating' using 'HasColumnType', specify precision and scale using 'HasPrecision', or configure a value converter using 'HasConversion'.
2023-05-05 11:24:36.192 +02:00  INF  Start processing HTTP request GET "http://quiet-stone-2094.herokuapp.com/rates.json"
2023-05-05 11:24:36.196 +02:00  INF  Sending HTTP request GET "http://quiet-stone-2094.herokuapp.com/rates.json"
2023-05-05 11:24:36.591 +02:00  INF  Received HTTP response headers after 391.2459ms - 404
2023-05-05 11:24:36.592 +02:00  INF  End processing HTTP request after 402.5959ms - 404
2023-05-05 11:24:38.106 +02:00  INF  NotFoundSystem.Exception: NotFound
   at GNB_Service.Services.GnbAPIService.GetContent[TResult](String path) in C:\Users\maalrilo\source\CLONES\GNB_Service\Services\GnbAPIService.cs:line 36
   at GNB_Service.Services.GnbAPIService.GetAPIRates() in C:\Users\maalrilo\source\CLONES\GNB_Service\Services\GnbAPIService.cs:line 22
   at GNB_Service.Services.ConversionRateService.GetConversionRates() in C:\Users\maalrilo\source\CLONES\GNB_Service\Services\ConversionRateService.cs:line 32

2023-05-05 11:24:38.976 +02:00  INF  Executed DbCommand (36ms) [Parameters=[], CommandType='"Text"', CommandTimeout='30']
SELECT [r].[Id], [r].[From], [r].[RateValue], [r].[To]
FROM [Rates] AS [r]
2023-05-05 11:24:39.075 +02:00  INF  Executing OkObjectResult, writing value of type 'GNB_Data.Response.RateResponseDTO'.
2023-05-05 11:24:39.104 +02:00  INF  Executed action GNB_API.Controllers.GNBController.GetAllConversionRates (GNB_API) in 3650.9596ms
2023-05-05 11:24:39.106 +02:00  INF  Executed endpoint 'GNB_API.Controllers.GNBController.GetAllConversionRates (GNB_API)'
2023-05-05 11:24:39.135 +02:00  INF  Request finished HTTP/2 GET https://localhost:7140/api/GetAllRates - - - 200 - application/json;+charset=utf-8 3727.4715ms
2023-05-05 11:24:47.876 +02:00  INF  Request starting HTTP/2 GET https://localhost:7140/api/GetAllRates - -
2023-05-05 11:24:47.878 +02:00  INF  Executing endpoint 'GNB_API.Controllers.GNBController.GetAllConversionRates (GNB_API)'
2023-05-05 11:24:47.879 +02:00  INF  Route matched with {action = "GetAllConversionRates", controller = "GNB"}. Executing controller action with signature System.Threading.Tasks.Task`1[Microsoft.AspNetCore.Mvc.IActionResult] GetAllConversionRates() on controller GNB_API.Controllers.GNBController (GNB_API).
2023-05-05 11:24:47.910 +02:00  INF  Start processing HTTP request GET "http://quiet-stone-2094.herokuapp.com/rates.json"
2023-05-05 11:24:47.910 +02:00  INF  Sending HTTP request GET "http://quiet-stone-2094.herokuapp.com/rates.json"
2023-05-05 11:24:48.132 +02:00  INF  Received HTTP response headers after 222.1276ms - 404
2023-05-05 11:24:48.133 +02:00  INF  End processing HTTP request after 222.5542ms - 404
2023-05-05 11:24:48.207 +02:00  INF  NotFoundSystem.Exception: NotFound
   at GNB_Service.Services.GnbAPIService.GetContent[TResult](String path) in C:\Users\maalrilo\source\CLONES\GNB_Service\Services\GnbAPIService.cs:line 36
   at GNB_Service.Services.GnbAPIService.GetAPIRates() in C:\Users\maalrilo\source\CLONES\GNB_Service\Services\GnbAPIService.cs:line 22
   at GNB_Service.Services.ConversionRateService.GetConversionRates() in C:\Users\maalrilo\source\CLONES\GNB_Service\Services\ConversionRateService.cs:line 32

2023-05-05 11:24:48.212 +02:00  INF  Executed DbCommand (2ms) [Parameters=[], CommandType='"Text"', CommandTimeout='30']
SELECT [r].[Id], [r].[From], [r].[RateValue], [r].[To]
FROM [Rates] AS [r]
2023-05-05 11:24:48.212 +02:00  INF  Executing OkObjectResult, writing value of type 'GNB_Data.Response.RateResponseDTO'.
2023-05-05 11:24:48.212 +02:00  INF  Executed action GNB_API.Controllers.GNBController.GetAllConversionRates (GNB_API) in 333.6998ms
2023-05-05 11:24:48.213 +02:00  INF  Executed endpoint 'GNB_API.Controllers.GNBController.GetAllConversionRates (GNB_API)'
2023-05-05 11:24:48.213 +02:00  INF  Request finished HTTP/2 GET https://localhost:7140/api/GetAllRates - - - 200 - application/json;+charset=utf-8 336.8386ms
2023-05-05 11:24:58.158 +02:00  INF  Request starting HTTP/2 GET https://localhost:7140/api/GetAllRates - -
2023-05-05 11:24:58.158 +02:00  INF  Executing endpoint 'GNB_API.Controllers.GNBController.GetAllConversionRates (GNB_API)'
2023-05-05 11:24:58.158 +02:00  INF  Route matched with {action = "GetAllConversionRates", controller = "GNB"}. Executing controller action with signature System.Threading.Tasks.Task`1[Microsoft.AspNetCore.Mvc.IActionResult] GetAllConversionRates() on controller GNB_API.Controllers.GNBController (GNB_API).
2023-05-05 11:24:58.168 +02:00  INF  Start processing HTTP request GET "http://quiet-stone-2094.herokuapp.com/rates.json"
2023-05-05 11:24:58.168 +02:00  INF  Sending HTTP request GET "http://quiet-stone-2094.herokuapp.com/rates.json"
2023-05-05 11:24:58.411 +02:00  INF  Received HTTP response headers after 242.9487ms - 404
2023-05-05 11:24:58.411 +02:00  INF  End processing HTTP request after 243.3492ms - 404
2023-05-05 11:24:58.484 +02:00  INF  NotFoundSystem.Exception: NotFound
   at GNB_Service.Services.GnbAPIService.GetContent[TResult](String path) in C:\Users\maalrilo\source\CLONES\GNB_Service\Services\GnbAPIService.cs:line 36
   at GNB_Service.Services.GnbAPIService.GetAPIRates() in C:\Users\maalrilo\source\CLONES\GNB_Service\Services\GnbAPIService.cs:line 22
   at GNB_Service.Services.ConversionRateService.GetConversionRates() in C:\Users\maalrilo\source\CLONES\GNB_Service\Services\ConversionRateService.cs:line 32

2023-05-05 11:24:58.486 +02:00  INF  Executed DbCommand (0ms) [Parameters=[], CommandType='"Text"', CommandTimeout='30']
SELECT [r].[Id], [r].[From], [r].[RateValue], [r].[To]
FROM [Rates] AS [r]
2023-05-05 11:24:58.487 +02:00  INF  Executing OkObjectResult, writing value of type 'GNB_Data.Response.RateResponseDTO'.
2023-05-05 11:24:58.487 +02:00  INF  Executed action GNB_API.Controllers.GNBController.GetAllConversionRates (GNB_API) in 328.4798ms
2023-05-05 11:24:58.487 +02:00  INF  Executed endpoint 'GNB_API.Controllers.GNBController.GetAllConversionRates (GNB_API)'
2023-05-05 11:24:58.487 +02:00  INF  Request finished HTTP/2 GET https://localhost:7140/api/GetAllRates - - - 200 - application/json;+charset=utf-8 329.1563ms
2023-05-05 11:25:42.566 +02:00  INF  Request starting HTTP/2 GET https://localhost:7140/swagger/index.html - -
2023-05-05 11:25:42.579 +02:00  INF  Request finished HTTP/2 GET https://localhost:7140/swagger/index.html - - - 200 - text/html;charset=utf-8 12.8626ms
2023-05-05 11:25:42.597 +02:00  INF  Request starting HTTP/2 GET https://localhost:7140/_framework/aspnetcore-browser-refresh.js - -
2023-05-05 11:25:42.600 +02:00  INF  Request finished HTTP/2 GET https://localhost:7140/_framework/aspnetcore-browser-refresh.js - - - 200 11984 application/javascript;+charset=utf-8 3.4862ms
2023-05-05 11:25:42.603 +02:00  INF  Request starting HTTP/2 GET https://localhost:7140/_vs/browserLink - -
2023-05-05 11:25:42.616 +02:00  INF  Request finished HTTP/2 GET https://localhost:7140/_vs/browserLink - - - 200 - text/javascript;+charset=UTF-8 13.2765ms
2023-05-05 11:25:42.713 +02:00  INF  Request starting HTTP/2 GET https://localhost:7140/swagger/v1/swagger.json - -
2023-05-05 11:25:42.714 +02:00  INF  Request finished HTTP/2 GET https://localhost:7140/swagger/v1/swagger.json - - - 200 - application/json;charset=utf-8 1.4656ms
2023-05-05 11:25:49.303 +02:00  INF  Request starting HTTP/2 GET https://localhost:7140/api/GetAllRates - -
2023-05-05 11:25:49.308 +02:00  INF  Executing endpoint 'GNB_API.Controllers.GNBController.GetAllConversionRates (GNB_API)'
2023-05-05 11:25:49.312 +02:00  INF  Route matched with {action = "GetAllConversionRates", controller = "GNB"}. Executing controller action with signature System.Threading.Tasks.Task`1[Microsoft.AspNetCore.Mvc.IActionResult] GetAllConversionRates() on controller GNB_API.Controllers.GNBController (GNB_API).
2023-05-05 11:25:49.315 +02:00  INF  Serilog initial
2023-05-05 11:25:49.315 +02:00  INF  Start processing HTTP request GET "http://quiet-stone-2094.herokuapp.com/rates.json"
2023-05-05 11:25:49.316 +02:00  INF  Sending HTTP request GET "http://quiet-stone-2094.herokuapp.com/rates.json"
2023-05-05 11:25:49.618 +02:00  INF  Received HTTP response headers after 302.7431ms - 404
2023-05-05 11:25:49.619 +02:00  INF  End processing HTTP request after 303.1475ms - 404
2023-05-05 11:25:49.694 +02:00  INF  NotFoundSystem.Exception: NotFound
   at GNB_Service.Services.GnbAPIService.GetContent[TResult](String path) in C:\Users\maalrilo\source\CLONES\GNB_Service\Services\GnbAPIService.cs:line 36
   at GNB_Service.Services.GnbAPIService.GetAPIRates() in C:\Users\maalrilo\source\CLONES\GNB_Service\Services\GnbAPIService.cs:line 22
   at GNB_Service.Services.ConversionRateService.GetConversionRates() in C:\Users\maalrilo\source\CLONES\GNB_Service\Services\ConversionRateService.cs:line 32

2023-05-05 11:25:49.695 +02:00  INF  Executed DbCommand (1ms) [Parameters=[], CommandType='"Text"', CommandTimeout='30']
SELECT [r].[Id], [r].[From], [r].[RateValue], [r].[To]
FROM [Rates] AS [r]
2023-05-05 11:25:49.696 +02:00  INF  Executing OkObjectResult, writing value of type 'GNB_Data.Response.RateResponseDTO'.
2023-05-05 11:25:49.696 +02:00  INF  Executed action GNB_API.Controllers.GNBController.GetAllConversionRates (GNB_API) in 384.2284ms
2023-05-05 11:25:49.697 +02:00  INF  Executed endpoint 'GNB_API.Controllers.GNBController.GetAllConversionRates (GNB_API)'
2023-05-05 11:25:49.697 +02:00  INF  Request finished HTTP/2 GET https://localhost:7140/api/GetAllRates - - - 200 - application/json;+charset=utf-8 393.3801ms
[2023-05-05 11:28:00.305 +02:00  INF]  Now listening on: https://localhost:7140
[2023-05-05 11:28:00.332 +02:00  INF]  Now listening on: http://localhost:5255
[2023-05-05 11:28:00.335 +02:00  INF]  Application started. Press Ctrl+C to shut down.
[2023-05-05 11:28:00.336 +02:00  INF]  Hosting environment: Development
[2023-05-05 11:28:00.336 +02:00  INF]  Content root path: C:\Users\maalrilo\source\CLONES\GNB_API\
[2023-05-05 11:28:25.234 +02:00  INF]  Now listening on: https://localhost:7140
[2023-05-05 11:28:25.262 +02:00  INF]  Now listening on: http://localhost:5255
[2023-05-05 11:28:25.265 +02:00  INF]  Application started. Press Ctrl+C to shut down.
[2023-05-05 11:28:25.266 +02:00  INF]  Hosting environment: Development
[2023-05-05 11:28:25.266 +02:00  INF]  Content root path: C:\Users\maalrilo\source\CLONES\GNB_API\
[2023-05-05 11:28:27.056 +02:00  INF]  Request starting HTTP/2 GET https://localhost:7140/swagger/index.html - -
[2023-05-05 11:28:27.436 +02:00  INF]  Request finished HTTP/2 GET https://localhost:7140/swagger/index.html - - - 200 - text/html;charset=utf-8 384.6324ms
[2023-05-05 11:28:27.466 +02:00  INF]  Request starting HTTP/2 GET https://localhost:7140/_framework/aspnetcore-browser-refresh.js - -
[2023-05-05 11:28:27.470 +02:00  INF]  Request finished HTTP/2 GET https://localhost:7140/_framework/aspnetcore-browser-refresh.js - - - 200 11984 application/javascript;+charset=utf-8 3.9107ms
[2023-05-05 11:28:27.939 +02:00  INF]  Request starting HTTP/2 GET https://localhost:7140/_vs/browserLink - -
[2023-05-05 11:28:27.963 +02:00  INF]  Request finished HTTP/2 GET https://localhost:7140/_vs/browserLink - - - 200 - text/javascript;+charset=UTF-8 23.6259ms
[2023-05-05 11:28:28.036 +02:00  INF]  Request starting HTTP/2 GET https://localhost:7140/swagger/v1/swagger.json - -
[2023-05-05 11:28:28.157 +02:00  INF]  Request finished HTTP/2 GET https://localhost:7140/swagger/v1/swagger.json - - - 200 - application/json;charset=utf-8 121.1935ms
[2023-05-05 11:28:34.953 +02:00  INF]  Request starting HTTP/2 GET https://localhost:7140/api/GetAllRates - -
[2023-05-05 11:28:34.961 +02:00  INF]  Executing endpoint 'GNB_API.Controllers.GNBController.GetAllConversionRates (GNB_API)'
[2023-05-05 11:28:34.984 +02:00  INF]  Route matched with {action = "GetAllConversionRates", controller = "GNB"}. Executing controller action with signature System.Threading.Tasks.Task`1[Microsoft.AspNetCore.Mvc.IActionResult] GetAllConversionRates() on controller GNB_API.Controllers.GNBController (GNB_API).
[2023-05-05 11:28:35.584 +02:00  WRN]  No store type was specified for the decimal property 'RateValue' on entity type 'Rate'. This will cause values to be silently truncated if they do not fit in the default precision and scale. Explicitly specify the SQL server column type that can accommodate all the values in 'OnModelCreating' using 'HasColumnType', specify precision and scale using 'HasPrecision', or configure a value converter using 'HasConversion'.
[2023-05-05 11:28:35.584 +02:00  WRN]  No store type was specified for the decimal property 'Amount' on entity type 'Transaction'. This will cause values to be silently truncated if they do not fit in the default precision and scale. Explicitly specify the SQL server column type that can accommodate all the values in 'OnModelCreating' using 'HasColumnType', specify precision and scale using 'HasPrecision', or configure a value converter using 'HasConversion'.
[2023-05-05 11:28:35.714 +02:00  INF]  Serilog initial
[2023-05-05 11:28:35.731 +02:00  INF]  Start processing HTTP request GET "http://quiet-stone-2094.herokuapp.com/rates.json"
[2023-05-05 11:28:35.735 +02:00  INF]  Sending HTTP request GET "http://quiet-stone-2094.herokuapp.com/rates.json"
[2023-05-05 11:28:36.209 +02:00  INF]  Received HTTP response headers after 467.8403ms - 404
[2023-05-05 11:28:36.211 +02:00  INF]  End processing HTTP request after 482.8269ms - 404
[2023-05-05 11:28:36.319 +02:00  INF]  NotFound
System.Exception: NotFound
   at GNB_Service.Services.GnbAPIService.GetContent[TResult](String path) in C:\Users\maalrilo\source\CLONES\GNB_Service\Services\GnbAPIService.cs:line 36
   at GNB_Service.Services.GnbAPIService.GetAPIRates() in C:\Users\maalrilo\source\CLONES\GNB_Service\Services\GnbAPIService.cs:line 22
   at GNB_Service.Services.ConversionRateService.GetConversionRates() in C:\Users\maalrilo\source\CLONES\GNB_Service\Services\ConversionRateService.cs:line 32
[2023-05-05 11:28:37.174 +02:00  INF]  Executed DbCommand (31ms) [Parameters=[], CommandType='"Text"', CommandTimeout='30']
SELECT [r].[Id], [r].[From], [r].[RateValue], [r].[To]
FROM [Rates] AS [r]
[2023-05-05 11:28:37.270 +02:00  INF]  Executing OkObjectResult, writing value of type 'GNB_Data.Response.RateResponseDTO'.
[2023-05-05 11:28:37.294 +02:00  INF]  Executed action GNB_API.Controllers.GNBController.GetAllConversionRates (GNB_API) in 2306.02ms
[2023-05-05 11:28:37.295 +02:00  INF]  Executed endpoint 'GNB_API.Controllers.GNBController.GetAllConversionRates (GNB_API)'
[2023-05-05 11:28:37.311 +02:00  INF]  Request finished HTTP/2 GET https://localhost:7140/api/GetAllRates - - - 200 - application/json;+charset=utf-8 2357.5794ms
[2023-05-05 11:30:27.732 +02:00  INF]  Request starting HTTP/2 GET https://localhost:7140/api/GetAllRates - -
[2023-05-05 11:30:27.743 +02:00  INF]  Executing endpoint 'GNB_API.Controllers.GNBController.GetAllConversionRates (GNB_API)'
[2023-05-05 11:30:27.744 +02:00  INF]  Route matched with {action = "GetAllConversionRates", controller = "GNB"}. Executing controller action with signature System.Threading.Tasks.Task`1[Microsoft.AspNetCore.Mvc.IActionResult] GetAllConversionRates() on controller GNB_API.Controllers.GNBController (GNB_API).
[2023-05-05 11:30:27.780 +02:00  INF]  Serilog initial
[2023-05-05 11:30:27.780 +02:00  INF]  Start processing HTTP request GET "http://quiet-stone-2094.herokuapp.com/rates.json"
[2023-05-05 11:30:27.780 +02:00  INF]  Sending HTTP request GET "http://quiet-stone-2094.herokuapp.com/rates.json"
[2023-05-05 11:30:28.068 +02:00  INF]  Received HTTP response headers after 287.785ms - 404
[2023-05-05 11:30:28.068 +02:00  INF]  End processing HTTP request after 288.1667ms - 404
[2023-05-05 11:30:28.137 +02:00  INF]  NotFound
System.Exception: NotFound
   at GNB_Service.Services.GnbAPIService.GetContent[TResult](String path) in C:\Users\maalrilo\source\CLONES\GNB_Service\Services\GnbAPIService.cs:line 36
   at GNB_Service.Services.GnbAPIService.GetAPIRates() in C:\Users\maalrilo\source\CLONES\GNB_Service\Services\GnbAPIService.cs:line 22
   at GNB_Service.Services.ConversionRateService.GetConversionRates() in C:\Users\maalrilo\source\CLONES\GNB_Service\Services\ConversionRateService.cs:line 32
[2023-05-05 11:30:28.142 +02:00  INF]  Executed DbCommand (2ms) [Parameters=[], CommandType='"Text"', CommandTimeout='30']
SELECT [r].[Id], [r].[From], [r].[RateValue], [r].[To]
FROM [Rates] AS [r]
[2023-05-05 11:30:28.142 +02:00  INF]  Executing OkObjectResult, writing value of type 'GNB_Data.Response.RateResponseDTO'.
[2023-05-05 11:30:28.143 +02:00  INF]  Executed action GNB_API.Controllers.GNBController.GetAllConversionRates (GNB_API) in 398.8033ms
[2023-05-05 11:30:28.143 +02:00  INF]  Executed endpoint 'GNB_API.Controllers.GNBController.GetAllConversionRates (GNB_API)'
[2023-05-05 11:30:28.143 +02:00  INF]  Request finished HTTP/2 GET https://localhost:7140/api/GetAllRates - - - 200 - application/json;+charset=utf-8 411.5571ms
[2023-05-05 11:31:32.173 +02:00  INF]  Request starting HTTP/2 GET https://localhost:7140/api/GetAllRates - -
[2023-05-05 11:31:32.174 +02:00  INF]  Executing endpoint 'GNB_API.Controllers.GNBController.GetAllConversionRates (GNB_API)'
[2023-05-05 11:31:32.174 +02:00  INF]  Route matched with {action = "GetAllConversionRates", controller = "GNB"}. Executing controller action with signature System.Threading.Tasks.Task`1[Microsoft.AspNetCore.Mvc.IActionResult] GetAllConversionRates() on controller GNB_API.Controllers.GNBController (GNB_API).
[2023-05-05 11:31:32.198 +02:00  INF]  Serilog initial
[2023-05-05 11:31:32.199 +02:00  INF]  Start processing HTTP request GET "http://quiet-stone-2094.herokuapp.com/rates.json"
[2023-05-05 11:31:32.199 +02:00  INF]  Sending HTTP request GET "http://quiet-stone-2094.herokuapp.com/rates.json"
[2023-05-05 11:31:32.477 +02:00  INF]  Received HTTP response headers after 278.2201ms - 404
[2023-05-05 11:31:32.477 +02:00  INF]  End processing HTTP request after 278.5572ms - 404
[2023-05-05 11:31:32.549 +02:00  INF]  NotFound
System.Exception: NotFound
   at GNB_Service.Services.GnbAPIService.GetContent[TResult](String path) in C:\Users\maalrilo\source\CLONES\GNB_Service\Services\GnbAPIService.cs:line 36
   at GNB_Service.Services.GnbAPIService.GetAPIRates() in C:\Users\maalrilo\source\CLONES\GNB_Service\Services\GnbAPIService.cs:line 22
   at GNB_Service.Services.ConversionRateService.GetConversionRates() in C:\Users\maalrilo\source\CLONES\GNB_Service\Services\ConversionRateService.cs:line 32
[2023-05-05 11:31:32.551 +02:00  INF]  Executed DbCommand (0ms) [Parameters=[], CommandType='"Text"', CommandTimeout='30']
SELECT [r].[Id], [r].[From], [r].[RateValue], [r].[To]
FROM [Rates] AS [r]
[2023-05-05 11:31:32.551 +02:00  INF]  Executing OkObjectResult, writing value of type 'GNB_Data.Response.RateResponseDTO'.
[2023-05-05 11:31:32.551 +02:00  INF]  Executed action GNB_API.Controllers.GNBController.GetAllConversionRates (GNB_API) in 376.8127ms
[2023-05-05 11:31:32.551 +02:00  INF]  Executed endpoint 'GNB_API.Controllers.GNBController.GetAllConversionRates (GNB_API)'
[2023-05-05 11:31:32.551 +02:00  INF]  Request finished HTTP/2 GET https://localhost:7140/api/GetAllRates - - - 200 - application/json;+charset=utf-8 378.2375ms
