2023-05-05 11:07:13.577 +02:00  INF  Now listening on: https://localhost:7140
2023-05-05 11:07:13.614 +02:00  INF  Now listening on: http://localhost:5255
2023-05-05 11:07:13.618 +02:00  INF  Application started. Press Ctrl+C to shut down.
2023-05-05 11:07:13.619 +02:00  INF  Hosting environment: Development
2023-05-05 11:07:13.619 +02:00  INF  Content root path: C:\Users\maalrilo\source\CLONES\GNB_API\
2023-05-05 11:07:17.304 +02:00  INF  Request starting HTTP/2 GET https://localhost:7140/swagger/index.html - -
2023-05-05 11:07:18.087 +02:00  INF  Request finished HTTP/2 GET https://localhost:7140/swagger/index.html - - - 200 - text/html;charset=utf-8 786.8896ms
2023-05-05 11:07:18.119 +02:00  INF  Request starting HTTP/2 GET https://localhost:7140/_framework/aspnetcore-browser-refresh.js - -
2023-05-05 11:07:18.126 +02:00  INF  Request finished HTTP/2 GET https://localhost:7140/_framework/aspnetcore-browser-refresh.js - - - 200 11984 application/javascript;+charset=utf-8 7.0529ms
2023-05-05 11:07:18.667 +02:00  INF  Request starting HTTP/2 GET https://localhost:7140/_vs/browserLink - -
2023-05-05 11:07:19.815 +02:00  INF  Request finished HTTP/2 GET https://localhost:7140/_vs/browserLink - - - 200 - text/javascript;+charset=UTF-8 1147.8482ms
2023-05-05 11:07:19.952 +02:00  INF  Request starting HTTP/2 GET https://localhost:7140/swagger/v1/swagger.json - -
2023-05-05 11:07:20.042 +02:00  INF  Request finished HTTP/2 GET https://localhost:7140/swagger/v1/swagger.json - - - 200 - application/json;charset=utf-8 90.8256ms
2023-05-05 11:08:14.088 +02:00  INF  Request starting HTTP/2 GET https://localhost:7140/api/GetAllRates - -
2023-05-05 11:08:14.101 +02:00  INF  Executing endpoint 'GNB_API.Controllers.GNBController.GetAllConversionRates (GNB_API)'
2023-05-05 11:08:14.123 +02:00  INF  Route matched with {action = "GetAllConversionRates", controller = "GNB"}. Executing controller action with signature System.Threading.Tasks.Task`1[Microsoft.AspNetCore.Mvc.IActionResult] GetAllConversionRates() on controller GNB_API.Controllers.GNBController (GNB_API).
2023-05-05 11:08:14.787 +02:00  WRN  No store type was specified for the decimal property 'RateValue' on entity type 'Rate'. This will cause values to be silently truncated if they do not fit in the default precision and scale. Explicitly specify the SQL server column type that can accommodate all the values in 'OnModelCreating' using 'HasColumnType', specify precision and scale using 'HasPrecision', or configure a value converter using 'HasConversion'.
2023-05-05 11:08:14.787 +02:00  WRN  No store type was specified for the decimal property 'Amount' on entity type 'Transaction'. This will cause values to be silently truncated if they do not fit in the default precision and scale. Explicitly specify the SQL server column type that can accommodate all the values in 'OnModelCreating' using 'HasColumnType', specify precision and scale using 'HasPrecision', or configure a value converter using 'HasConversion'.
2023-05-05 11:08:19.207 +02:00  INF  Start processing HTTP request GET "http://quiet-stone-2094.herokuapp.com/rates.json"
2023-05-05 11:08:19.212 +02:00  INF  Sending HTTP request GET "http://quiet-stone-2094.herokuapp.com/rates.json"
2023-05-05 11:08:19.593 +02:00  INF  Received HTTP response headers after 375.6147ms - 404
2023-05-05 11:08:19.596 +02:00  INF  End processing HTTP request after 391.2033ms - 404
2023-05-05 11:08:22.793 +02:00  ERR  [null]System.Exception: NotFound
   at GNB_Service.Services.GnbAPIService.GetContent[TResult](String path) in C:\Users\maalrilo\source\CLONES\GNB_Service\Services\GnbAPIService.cs:line 36
   at GNB_Service.Services.GnbAPIService.GetAPIRates() in C:\Users\maalrilo\source\CLONES\GNB_Service\Services\GnbAPIService.cs:line 22
   at GNB_Service.Services.ConversionRateService.GetConversionRates() in C:\Users\maalrilo\source\CLONES\GNB_Service\Services\ConversionRateService.cs:line 32

2023-05-05 11:08:27.008 +02:00  INF  Executed DbCommand (33ms) [Parameters=[], CommandType='"Text"', CommandTimeout='30']
SELECT [r].[Id], [r].[From], [r].[RateValue], [r].[To]
FROM [Rates] AS [r]
2023-05-05 11:08:27.104 +02:00  INF  Executing OkObjectResult, writing value of type 'GNB_Data.Response.RateResponseDTO'.
2023-05-05 11:08:27.130 +02:00  INF  Executed action GNB_API.Controllers.GNBController.GetAllConversionRates (GNB_API) in 13001.1672ms
2023-05-05 11:08:27.131 +02:00  INF  Executed endpoint 'GNB_API.Controllers.GNBController.GetAllConversionRates (GNB_API)'
2023-05-05 11:08:27.149 +02:00  INF  Request finished HTTP/2 GET https://localhost:7140/api/GetAllRates - - - 200 - application/json;+charset=utf-8 13060.7308ms
2023-05-05 11:09:32.727 +02:00  INF  Request starting HTTP/2 GET https://localhost:7140/api/GetAllRates - -
2023-05-05 11:09:32.737 +02:00  INF  Executing endpoint 'GNB_API.Controllers.GNBController.GetAllConversionRates (GNB_API)'
2023-05-05 11:09:32.737 +02:00  INF  Route matched with {action = "GetAllConversionRates", controller = "GNB"}. Executing controller action with signature System.Threading.Tasks.Task`1[Microsoft.AspNetCore.Mvc.IActionResult] GetAllConversionRates() on controller GNB_API.Controllers.GNBController (GNB_API).
2023-05-05 11:09:35.350 +02:00  INF  Start processing HTTP request GET "http://quiet-stone-2094.herokuapp.com/rates.json"
2023-05-05 11:09:35.350 +02:00  INF  Sending HTTP request GET "http://quiet-stone-2094.herokuapp.com/rates.json"
2023-05-05 11:09:35.651 +02:00  INF  Received HTTP response headers after 301.2902ms - 404
2023-05-05 11:09:35.652 +02:00  INF  End processing HTTP request after 301.8435ms - 404
2023-05-05 11:09:39.010 +02:00  ERR  [null]System.Exception: NotFound
   at GNB_Service.Services.GnbAPIService.GetContent[TResult](String path) in C:\Users\maalrilo\source\CLONES\GNB_Service\Services\GnbAPIService.cs:line 36
   at GNB_Service.Services.GnbAPIService.GetAPIRates() in C:\Users\maalrilo\source\CLONES\GNB_Service\Services\GnbAPIService.cs:line 22
   at GNB_Service.Services.ConversionRateService.GetConversionRates() in C:\Users\maalrilo\source\CLONES\GNB_Service\Services\ConversionRateService.cs:line 32

2023-05-05 11:09:48.196 +02:00  INF  Executed DbCommand (2ms) [Parameters=[], CommandType='"Text"', CommandTimeout='30']
SELECT [r].[Id], [r].[From], [r].[RateValue], [r].[To]
FROM [Rates] AS [r]
2023-05-05 11:09:49.153 +02:00  INF  Executing OkObjectResult, writing value of type 'GNB_Data.Response.RateResponseDTO'.
2023-05-05 11:09:49.153 +02:00  INF  Executed action GNB_API.Controllers.GNBController.GetAllConversionRates (GNB_API) in 16415.6053ms
2023-05-05 11:09:49.153 +02:00  INF  Executed endpoint 'GNB_API.Controllers.GNBController.GetAllConversionRates (GNB_API)'
2023-05-05 11:09:49.153 +02:00  INF  Request finished HTTP/2 GET https://localhost:7140/api/GetAllRates - - - 200 - application/json;+charset=utf-8 16426.8681ms
2023-05-05 11:10:11.160 +02:00  INF  Request starting HTTP/2 GET https://localhost:7140/swagger/index.html - -
2023-05-05 11:10:11.181 +02:00  INF  Request finished HTTP/2 GET https://localhost:7140/swagger/index.html - - - 200 - text/html;charset=utf-8 21.4716ms
2023-05-05 11:10:11.199 +02:00  INF  Request starting HTTP/2 GET https://localhost:7140/_framework/aspnetcore-browser-refresh.js - -
2023-05-05 11:10:11.200 +02:00  INF  Request finished HTTP/2 GET https://localhost:7140/_framework/aspnetcore-browser-refresh.js - - - 200 11984 application/javascript;+charset=utf-8 0.6366ms
2023-05-05 11:10:11.203 +02:00  INF  Request starting HTTP/2 GET https://localhost:7140/_vs/browserLink - -
2023-05-05 11:10:11.232 +02:00  INF  Request finished HTTP/2 GET https://localhost:7140/_vs/browserLink - - - 200 - text/javascript;+charset=UTF-8 30.8732ms
2023-05-05 11:10:11.296 +02:00  INF  Request starting HTTP/2 GET https://localhost:7140/swagger/v1/swagger.json - -
2023-05-05 11:10:11.298 +02:00  INF  Request finished HTTP/2 GET https://localhost:7140/swagger/v1/swagger.json - - - 200 - application/json;charset=utf-8 2.1821ms
2023-05-05 11:10:16.598 +02:00  INF  Request starting HTTP/2 GET https://localhost:7140/api/GetAllRates - -
2023-05-05 11:10:16.599 +02:00  INF  Executing endpoint 'GNB_API.Controllers.GNBController.GetAllConversionRates (GNB_API)'
2023-05-05 11:10:16.602 +02:00  INF  Route matched with {action = "GetAllConversionRates", controller = "GNB"}. Executing controller action with signature System.Threading.Tasks.Task`1[Microsoft.AspNetCore.Mvc.IActionResult] GetAllConversionRates() on controller GNB_API.Controllers.GNBController (GNB_API).
2023-05-05 11:10:18.388 +02:00  INF  Start processing HTTP request GET "http://quiet-stone-2094.herokuapp.com/rates.json"
2023-05-05 11:10:18.388 +02:00  INF  Sending HTTP request GET "http://quiet-stone-2094.herokuapp.com/rates.json"
2023-05-05 11:10:18.619 +02:00  INF  Received HTTP response headers after 231.5508ms - 404
2023-05-05 11:10:18.620 +02:00  INF  End processing HTTP request after 231.9856ms - 404
2023-05-05 11:10:59.322 +02:00  INF  Now listening on: https://localhost:7140
2023-05-05 11:10:59.358 +02:00  INF  Now listening on: http://localhost:5255
2023-05-05 11:10:59.363 +02:00  INF  Application started. Press Ctrl+C to shut down.
2023-05-05 11:10:59.364 +02:00  INF  Hosting environment: Development
2023-05-05 11:10:59.365 +02:00  INF  Content root path: C:\Users\maalrilo\source\CLONES\GNB_API\
2023-05-05 11:11:00.707 +02:00  INF  Request starting HTTP/2 GET https://localhost:7140/swagger/index.html - -
2023-05-05 11:11:01.067 +02:00  INF  Request finished HTTP/2 GET https://localhost:7140/swagger/index.html - - - 200 - text/html;charset=utf-8 363.5042ms
2023-05-05 11:11:01.086 +02:00  INF  Request starting HTTP/2 GET https://localhost:7140/_framework/aspnetcore-browser-refresh.js - -
2023-05-05 11:11:01.090 +02:00  INF  Request finished HTTP/2 GET https://localhost:7140/_framework/aspnetcore-browser-refresh.js - - - 200 11984 application/javascript;+charset=utf-8 3.7609ms
2023-05-05 11:11:01.464 +02:00  INF  Request starting HTTP/2 GET https://localhost:7140/_vs/browserLink - -
2023-05-05 11:11:01.488 +02:00  INF  Request finished HTTP/2 GET https://localhost:7140/_vs/browserLink - - - 200 - text/javascript;+charset=UTF-8 24.0587ms
2023-05-05 11:11:01.552 +02:00  INF  Request starting HTTP/2 GET https://localhost:7140/swagger/v1/swagger.json - -
2023-05-05 11:11:01.652 +02:00  INF  Request finished HTTP/2 GET https://localhost:7140/swagger/v1/swagger.json - - - 200 - application/json;charset=utf-8 99.9343ms
2023-05-05 11:11:04.515 +02:00  INF  Request starting HTTP/2 GET https://localhost:7140/api/GetAllRates - -
2023-05-05 11:11:04.532 +02:00  INF  Executing endpoint 'GNB_API.Controllers.GNBController.GetAllConversionRates (GNB_API)'
2023-05-05 11:11:04.555 +02:00  INF  Route matched with {action = "GetAllConversionRates", controller = "GNB"}. Executing controller action with signature System.Threading.Tasks.Task`1[Microsoft.AspNetCore.Mvc.IActionResult] GetAllConversionRates() on controller GNB_API.Controllers.GNBController (GNB_API).
2023-05-05 11:11:05.158 +02:00  WRN  No store type was specified for the decimal property 'RateValue' on entity type 'Rate'. This will cause values to be silently truncated if they do not fit in the default precision and scale. Explicitly specify the SQL server column type that can accommodate all the values in 'OnModelCreating' using 'HasColumnType', specify precision and scale using 'HasPrecision', or configure a value converter using 'HasConversion'.
2023-05-05 11:11:05.159 +02:00  WRN  No store type was specified for the decimal property 'Amount' on entity type 'Transaction'. This will cause values to be silently truncated if they do not fit in the default precision and scale. Explicitly specify the SQL server column type that can accommodate all the values in 'OnModelCreating' using 'HasColumnType', specify precision and scale using 'HasPrecision', or configure a value converter using 'HasConversion'.
2023-05-05 11:11:07.087 +02:00  INF  Start processing HTTP request GET "http://quiet-stone-2094.herokuapp.com/rates.json"
2023-05-05 11:11:07.091 +02:00  INF  Sending HTTP request GET "http://quiet-stone-2094.herokuapp.com/rates.json"
2023-05-05 11:11:07.497 +02:00  INF  Received HTTP response headers after 401.2586ms - 404
2023-05-05 11:11:07.498 +02:00  INF  End processing HTTP request after 413.268ms - 404
2023-05-05 11:11:12.876 +02:00  INF  NotFoundSystem.Exception: NotFound
   at GNB_Service.Services.GnbAPIService.GetContent[TResult](String path) in C:\Users\maalrilo\source\CLONES\GNB_Service\Services\GnbAPIService.cs:line 36
   at GNB_Service.Services.GnbAPIService.GetAPIRates() in C:\Users\maalrilo\source\CLONES\GNB_Service\Services\GnbAPIService.cs:line 22
   at GNB_Service.Services.ConversionRateService.GetConversionRates() in C:\Users\maalrilo\source\CLONES\GNB_Service\Services\ConversionRateService.cs:line 32

2023-05-05 11:11:14.478 +02:00  INF  Executed DbCommand (32ms) [Parameters=[], CommandType='"Text"', CommandTimeout='30']
SELECT [r].[Id], [r].[From], [r].[RateValue], [r].[To]
FROM [Rates] AS [r]
2023-05-05 11:11:14.571 +02:00  INF  Executing OkObjectResult, writing value of type 'GNB_Data.Response.RateResponseDTO'.
2023-05-05 11:11:14.596 +02:00  INF  Executed action GNB_API.Controllers.GNBController.GetAllConversionRates (GNB_API) in 10035.868ms
2023-05-05 11:11:14.597 +02:00  INF  Executed endpoint 'GNB_API.Controllers.GNBController.GetAllConversionRates (GNB_API)'
2023-05-05 11:11:14.612 +02:00  INF  Request finished HTTP/2 GET https://localhost:7140/api/GetAllRates - - - 200 - application/json;+charset=utf-8 10097.0103ms
2023-05-05 11:11:43.376 +02:00  INF  Request starting HTTP/2 GET https://localhost:7140/api/GetAllRates - -
2023-05-05 11:11:43.378 +02:00  INF  Executing endpoint 'GNB_API.Controllers.GNBController.GetAllConversionRates (GNB_API)'
2023-05-05 11:11:43.378 +02:00  INF  Route matched with {action = "GetAllConversionRates", controller = "GNB"}. Executing controller action with signature System.Threading.Tasks.Task`1[Microsoft.AspNetCore.Mvc.IActionResult] GetAllConversionRates() on controller GNB_API.Controllers.GNBController (GNB_API).
2023-05-05 11:11:45.200 +02:00  INF  Start processing HTTP request GET "http://quiet-stone-2094.herokuapp.com/rates.json"
2023-05-05 11:11:45.202 +02:00  INF  Sending HTTP request GET "http://quiet-stone-2094.herokuapp.com/rates.json"
2023-05-05 11:11:45.452 +02:00  INF  Received HTTP response headers after 247.5264ms - 404
2023-05-05 11:11:45.452 +02:00  INF  End processing HTTP request after 251.7577ms - 404
2023-05-05 11:11:48.616 +02:00  INF  NotFoundSystem.Exception: NotFound
   at GNB_Service.Services.GnbAPIService.GetContent[TResult](String path) in C:\Users\maalrilo\source\CLONES\GNB_Service\Services\GnbAPIService.cs:line 36
   at GNB_Service.Services.GnbAPIService.GetAPIRates() in C:\Users\maalrilo\source\CLONES\GNB_Service\Services\GnbAPIService.cs:line 22
   at GNB_Service.Services.ConversionRateService.GetConversionRates() in C:\Users\maalrilo\source\CLONES\GNB_Service\Services\ConversionRateService.cs:line 32

2023-05-05 11:11:49.279 +02:00  INF  Executed DbCommand (2ms) [Parameters=[], CommandType='"Text"', CommandTimeout='30']
SELECT [r].[Id], [r].[From], [r].[RateValue], [r].[To]
FROM [Rates] AS [r]
2023-05-05 11:11:49.280 +02:00  INF  Executing OkObjectResult, writing value of type 'GNB_Data.Response.RateResponseDTO'.
2023-05-05 11:11:49.280 +02:00  INF  Executed action GNB_API.Controllers.GNBController.GetAllConversionRates (GNB_API) in 5901.5095ms
2023-05-05 11:11:49.280 +02:00  INF  Executed endpoint 'GNB_API.Controllers.GNBController.GetAllConversionRates (GNB_API)'
2023-05-05 11:11:49.280 +02:00  INF  Request finished HTTP/2 GET https://localhost:7140/api/GetAllRates - - - 200 - application/json;+charset=utf-8 5904.6338ms
2023-05-05 11:13:01.657 +02:00  INF  Request starting HTTP/2 GET https://localhost:7140/api/GetAllRates - -
2023-05-05 11:13:01.658 +02:00  INF  Executing endpoint 'GNB_API.Controllers.GNBController.GetAllConversionRates (GNB_API)'
2023-05-05 11:13:01.658 +02:00  INF  Route matched with {action = "GetAllConversionRates", controller = "GNB"}. Executing controller action with signature System.Threading.Tasks.Task`1[Microsoft.AspNetCore.Mvc.IActionResult] GetAllConversionRates() on controller GNB_API.Controllers.GNBController (GNB_API).
2023-05-05 11:13:03.398 +02:00  INF  Start processing HTTP request GET "http://quiet-stone-2094.herokuapp.com/rates.json"
2023-05-05 11:13:03.398 +02:00  INF  Sending HTTP request GET "http://quiet-stone-2094.herokuapp.com/rates.json"
2023-05-05 11:13:03.733 +02:00  INF  Received HTTP response headers after 334.5856ms - 404
2023-05-05 11:13:03.733 +02:00  INF  End processing HTTP request after 335.0824ms - 404
2023-05-05 11:13:06.276 +02:00  INF  NotFoundSystem.Exception: NotFound
   at GNB_Service.Services.GnbAPIService.GetContent[TResult](String path) in C:\Users\maalrilo\source\CLONES\GNB_Service\Services\GnbAPIService.cs:line 36
   at GNB_Service.Services.GnbAPIService.GetAPIRates() in C:\Users\maalrilo\source\CLONES\GNB_Service\Services\GnbAPIService.cs:line 22
   at GNB_Service.Services.ConversionRateService.GetConversionRates() in C:\Users\maalrilo\source\CLONES\GNB_Service\Services\ConversionRateService.cs:line 32

2023-05-05 11:13:06.965 +02:00  INF  Executed DbCommand (0ms) [Parameters=[], CommandType='"Text"', CommandTimeout='30']
SELECT [r].[Id], [r].[From], [r].[RateValue], [r].[To]
FROM [Rates] AS [r]
2023-05-05 11:13:06.965 +02:00  INF  Executing OkObjectResult, writing value of type 'GNB_Data.Response.RateResponseDTO'.
2023-05-05 11:13:06.965 +02:00  INF  Executed action GNB_API.Controllers.GNBController.GetAllConversionRates (GNB_API) in 5307.4348ms
2023-05-05 11:13:06.965 +02:00  INF  Executed endpoint 'GNB_API.Controllers.GNBController.GetAllConversionRates (GNB_API)'
2023-05-05 11:13:06.966 +02:00  INF  Request finished HTTP/2 GET https://localhost:7140/api/GetAllRates - - - 200 - application/json;+charset=utf-8 5309.3899ms
2023-05-05 11:14:00.769 +02:00  INF  Request starting HTTP/2 GET https://localhost:7140/swagger/index.html - -
2023-05-05 11:14:00.786 +02:00  INF  Request finished HTTP/2 GET https://localhost:7140/swagger/index.html - - - 200 - text/html;charset=utf-8 16.5193ms
2023-05-05 11:14:00.805 +02:00  INF  Request starting HTTP/2 GET https://localhost:7140/_framework/aspnetcore-browser-refresh.js - -
2023-05-05 11:14:00.805 +02:00  INF  Request finished HTTP/2 GET https://localhost:7140/_framework/aspnetcore-browser-refresh.js - - - 200 11984 application/javascript;+charset=utf-8 0.7021ms
2023-05-05 11:14:00.809 +02:00  INF  Request starting HTTP/2 GET https://localhost:7140/_vs/browserLink - -
2023-05-05 11:14:00.820 +02:00  INF  Request finished HTTP/2 GET https://localhost:7140/_vs/browserLink - - - 200 - text/javascript;+charset=UTF-8 11.8707ms
2023-05-05 11:14:00.897 +02:00  INF  Request starting HTTP/2 GET https://localhost:7140/swagger/v1/swagger.json - -
2023-05-05 11:14:00.899 +02:00  INF  Request finished HTTP/2 GET https://localhost:7140/swagger/v1/swagger.json - - - 200 - application/json;charset=utf-8 1.3766ms
2023-05-05 11:14:03.742 +02:00  INF  Request starting HTTP/2 GET https://localhost:7140/api/GetAllRates - -
2023-05-05 11:14:03.743 +02:00  INF  Executing endpoint 'GNB_API.Controllers.GNBController.GetAllConversionRates (GNB_API)'
2023-05-05 11:14:03.746 +02:00  INF  Route matched with {action = "GetAllConversionRates", controller = "GNB"}. Executing controller action with signature System.Threading.Tasks.Task`1[Microsoft.AspNetCore.Mvc.IActionResult] GetAllConversionRates() on controller GNB_API.Controllers.GNBController (GNB_API).
2023-05-05 11:14:05.079 +02:00  INF  Serilog initial
2023-05-05 11:14:06.758 +02:00  INF  Start processing HTTP request GET "http://quiet-stone-2094.herokuapp.com/rates.json"
2023-05-05 11:14:06.759 +02:00  INF  Sending HTTP request GET "http://quiet-stone-2094.herokuapp.com/rates.json"
2023-05-05 11:14:06.911 +02:00  INF  Received HTTP response headers after 152.0875ms - 404
2023-05-05 11:14:06.911 +02:00  INF  End processing HTTP request after 153.2465ms - 404
2023-05-05 11:14:06.992 +02:00  INF  NotFoundSystem.Exception: NotFound
   at GNB_Service.Services.GnbAPIService.GetContent[TResult](String path) in C:\Users\maalrilo\source\CLONES\GNB_Service\Services\GnbAPIService.cs:line 36
   at GNB_Service.Services.GnbAPIService.GetAPIRates() in C:\Users\maalrilo\source\CLONES\GNB_Service\Services\GnbAPIService.cs:line 22
   at GNB_Service.Services.ConversionRateService.GetConversionRates() in C:\Users\maalrilo\source\CLONES\GNB_Service\Services\ConversionRateService.cs:line 32

2023-05-05 11:14:06.994 +02:00  INF  Executed DbCommand (0ms) [Parameters=[], CommandType='"Text"', CommandTimeout='30']
SELECT [r].[Id], [r].[From], [r].[RateValue], [r].[To]
FROM [Rates] AS [r]
2023-05-05 11:14:06.994 +02:00  INF  Executing OkObjectResult, writing value of type 'GNB_Data.Response.RateResponseDTO'.
2023-05-05 11:14:06.995 +02:00  INF  Executed action GNB_API.Controllers.GNBController.GetAllConversionRates (GNB_API) in 3249.0851ms
2023-05-05 11:14:06.995 +02:00  INF  Executed endpoint 'GNB_API.Controllers.GNBController.GetAllConversionRates (GNB_API)'
2023-05-05 11:14:06.996 +02:00  INF  Request finished HTTP/2 GET https://localhost:7140/api/GetAllRates - - - 200 - application/json;+charset=utf-8 3253.1718ms
2023-05-05 11:15:53.438 +02:00  INF  Request starting HTTP/2 GET https://localhost:7140/swagger/index.html - -
2023-05-05 11:15:53.454 +02:00  INF  Request finished HTTP/2 GET https://localhost:7140/swagger/index.html - - - 200 - text/html;charset=utf-8 21.2740ms
2023-05-05 11:15:53.475 +02:00  INF  Request starting HTTP/2 GET https://localhost:7140/swagger/swagger-ui.css - -
2023-05-05 11:15:53.482 +02:00  INF  Request starting HTTP/2 GET https://localhost:7140/swagger/swagger-ui-bundle.js - -
2023-05-05 11:15:53.482 +02:00  INF  Request starting HTTP/2 GET https://localhost:7140/swagger/swagger-ui-standalone-preset.js - -
2023-05-05 11:15:53.483 +02:00  INF  Request starting HTTP/2 GET https://localhost:7140/_framework/aspnetcore-browser-refresh.js - -
2023-05-05 11:15:53.483 +02:00  INF  Request finished HTTP/2 GET https://localhost:7140/_framework/aspnetcore-browser-refresh.js - - - 200 11984 application/javascript;+charset=utf-8 0.4085ms
2023-05-05 11:15:53.483 +02:00  INF  Request starting HTTP/2 GET https://localhost:7140/_vs/browserLink - -
2023-05-05 11:15:53.530 +02:00  INF  Sending file. Request path: '/swagger-ui-standalone-preset.js'. Physical path: 'N/A'
2023-05-05 11:15:53.530 +02:00  INF  Sending file. Request path: '/swagger-ui.css'. Physical path: 'N/A'
2023-05-05 11:15:53.531 +02:00  INF  Request finished HTTP/2 GET https://localhost:7140/swagger/swagger-ui-standalone-preset.js - - - 200 337162 application/javascript 48.9976ms
2023-05-05 11:15:53.533 +02:00  INF  Request finished HTTP/2 GET https://localhost:7140/swagger/swagger-ui.css - - - 200 143632 text/css 57.7073ms
2023-05-05 11:15:53.534 +02:00  INF  Sending file. Request path: '/swagger-ui-bundle.js'. Physical path: 'N/A'
2023-05-05 11:15:53.534 +02:00  INF  Request finished HTTP/2 GET https://localhost:7140/swagger/swagger-ui-bundle.js - - - 200 1092889 application/javascript 52.3520ms
2023-05-05 11:15:53.535 +02:00  INF  Request finished HTTP/2 GET https://localhost:7140/_vs/browserLink - - - 200 - text/javascript;+charset=UTF-8 52.1186ms
2023-05-05 11:15:53.789 +02:00  INF  Request starting HTTP/2 GET https://localhost:7140/swagger/v1/swagger.json - -
2023-05-05 11:15:53.790 +02:00  INF  Request finished HTTP/2 GET https://localhost:7140/swagger/v1/swagger.json - - - 200 - application/json;charset=utf-8 0.9611ms
2023-05-05 11:15:53.797 +02:00  INF  Request starting HTTP/2 GET https://localhost:7140/swagger/favicon-32x32.png - -
2023-05-05 11:15:53.797 +02:00  INF  Sending file. Request path: '/favicon-32x32.png'. Physical path: 'N/A'
2023-05-05 11:15:53.798 +02:00  INF  Request finished HTTP/2 GET https://localhost:7140/swagger/favicon-32x32.png - - - 200 628 image/png 0.8041ms
2023-05-05 11:15:59.423 +02:00  INF  Request starting HTTP/2 GET https://localhost:7140/api/GetAllRates - -
2023-05-05 11:15:59.425 +02:00  INF  Executing endpoint 'GNB_API.Controllers.GNBController.GetAllConversionRates (GNB_API)'
2023-05-05 11:15:59.425 +02:00  INF  Route matched with {action = "GetAllConversionRates", controller = "GNB"}. Executing controller action with signature System.Threading.Tasks.Task`1[Microsoft.AspNetCore.Mvc.IActionResult] GetAllConversionRates() on controller GNB_API.Controllers.GNBController (GNB_API).
2023-05-05 11:16:00.782 +02:00  INF  Serilog initial
2023-05-05 11:16:01.841 +02:00  INF  Start processing HTTP request GET "http://quiet-stone-2094.herokuapp.com/rates.json"
2023-05-05 11:16:01.841 +02:00  INF  Sending HTTP request GET "http://quiet-stone-2094.herokuapp.com/rates.json"
2023-05-05 11:16:02.158 +02:00  INF  Received HTTP response headers after 316.4626ms - 404
2023-05-05 11:16:02.158 +02:00  INF  End processing HTTP request after 316.9099ms - 404
2023-05-05 11:16:02.232 +02:00  INF  NotFoundSystem.Exception: NotFound
   at GNB_Service.Services.GnbAPIService.GetContent[TResult](String path) in C:\Users\maalrilo\source\CLONES\GNB_Service\Services\GnbAPIService.cs:line 36
   at GNB_Service.Services.GnbAPIService.GetAPIRates() in C:\Users\maalrilo\source\CLONES\GNB_Service\Services\GnbAPIService.cs:line 22
   at GNB_Service.Services.ConversionRateService.GetConversionRates() in C:\Users\maalrilo\source\CLONES\GNB_Service\Services\ConversionRateService.cs:line 32

2023-05-05 11:16:02.233 +02:00  INF  Executed DbCommand (0ms) [Parameters=[], CommandType='"Text"', CommandTimeout='30']
SELECT [r].[Id], [r].[From], [r].[RateValue], [r].[To]
FROM [Rates] AS [r]
2023-05-05 11:16:02.234 +02:00  INF  Executing OkObjectResult, writing value of type 'GNB_Data.Response.RateResponseDTO'.
2023-05-05 11:16:02.234 +02:00  INF  Executed action GNB_API.Controllers.GNBController.GetAllConversionRates (GNB_API) in 2808.9057ms
2023-05-05 11:16:02.234 +02:00  INF  Executed endpoint 'GNB_API.Controllers.GNBController.GetAllConversionRates (GNB_API)'
2023-05-05 11:16:02.234 +02:00  INF  Request finished HTTP/2 GET https://localhost:7140/api/GetAllRates - - - 200 - application/json;+charset=utf-8 2811.3335ms
